<?xml version="1.0" encoding="utf-8"?>
<test-run id="2" testcasecount="25" result="Passed" total="25" passed="25" failed="0" inconclusive="0" skipped="0" asserts="0" engine-version="3.5.0.0" clr-version="4.0.30319.42000" start-time="2026-05-05 05:30:28Z" end-time="2026-05-05 05:30:28Z" duration="0.0452804">
  <test-suite type="TestSuite" id="1000" name="Storm Blocks" fullname="Storm Blocks" runstate="Runnable" testcasecount="26" result="Passed" start-time="2026-05-05 05:30:28Z" end-time="2026-05-05 05:30:28Z" duration="0.045280" total="25" passed="25" failed="0" inconclusive="0" skipped="0" asserts="0">
    <properties>
      <property name="platform" value="EditMode" />
    </properties>
    <test-suite type="Assembly" id="1030" name="StormBlocks.EditMode.Tests.dll" fullname="/Users/perlantir/Projects/StormBlocks/StormBlocksUnity/Library/ScriptAssemblies/StormBlocks.EditMode.Tests.dll" runstate="Runnable" testcasecount="25" result="Passed" start-time="2026-05-05 05:30:28Z" end-time="2026-05-05 05:30:28Z" duration="0.042039" total="25" passed="25" failed="0" inconclusive="0" skipped="0" asserts="0">
      <properties>
        <property name="_PID" value="82808" />
        <property name="_APPDOMAIN" value="Unity Child Domain" />
        <property name="platform" value="EditMode" />
        <property name="EditorOnly" value="True" />
      </properties>
      <test-suite type="TestSuite" id="1031" name="StormBlocks" fullname="StormBlocks" runstate="Runnable" testcasecount="25" result="Passed" start-time="2026-05-05 05:30:28Z" end-time="2026-05-05 05:30:28Z" duration="0.041716" total="25" passed="25" failed="0" inconclusive="0" skipped="0" asserts="0">
        <properties />
        <test-suite type="TestSuite" id="1032" name="Tests" fullname="StormBlocks.Tests" runstate="Runnable" testcasecount="25" result="Passed" start-time="2026-05-05 05:30:28Z" end-time="2026-05-05 05:30:28Z" duration="0.041669" total="25" passed="25" failed="0" inconclusive="0" skipped="0" asserts="0">
          <properties />
          <test-suite type="TestSuite" id="1033" name="EditMode" fullname="StormBlocks.Tests.EditMode" runstate="Runnable" testcasecount="25" result="Passed" start-time="2026-05-05 05:30:28Z" end-time="2026-05-05 05:30:28Z" duration="0.041597" total="25" passed="25" failed="0" inconclusive="0" skipped="0" asserts="0">
            <properties />
            <test-suite type="TestFixture" id="1002" name="CoreRulesTests" fullname="StormBlocks.Tests.EditMode.CoreRulesTests" classname="StormBlocks.Tests.EditMode.CoreRulesTests" runstate="Runnable" testcasecount="13" result="Passed" start-time="2026-05-05 05:30:28Z" end-time="2026-05-05 05:30:28Z" duration="0.022200" total="13" passed="13" failed="0" inconclusive="0" skipped="0" asserts="0">
              <properties />
              <test-case id="1008" name="ClutchSaveTriggersWhenPushbackHappensNearCamp" fullname="StormBlocks.Tests.EditMode.CoreRulesTests.ClutchSaveTriggersWhenPushbackHappensNearCamp" methodname="ClutchSaveTriggersWhenPushbackHappensNearCamp" classname="StormBlocks.Tests.EditMode.CoreRulesTests" runstate="Runnable" seed="1798126764" result="Passed" start-time="2026-05-05 05:30:28Z" end-time="2026-05-05 05:30:28Z" duration="0.007108" asserts="0">
                <properties>
                  <property name="retryIteration" value="0" />
                  <property name="repeatIteration" value="0" />
                </properties>
              </test-case>
              <test-case id="1005" name="ColumnClearRescuesSurvivors" fullname="StormBlocks.Tests.EditMode.CoreRulesTests.ColumnClearRescuesSurvivors" methodname="ColumnClearRescuesSurvivors" classname="StormBlocks.Tests.EditMode.CoreRulesTests" runstate="Runnable" seed="1584982019" result="Passed" start-time="2026-05-05 05:30:28Z" end-time="2026-05-05 05:30:28Z" duration="0.000560" asserts="0">
                <properties>
                  <property name="retryIteration" value="0" />
                  <property name="repeatIteration" value="0" />
                </properties>
              </test-case>
              <test-case id="1010" name="DailySeedIsStableForSameInputsAndChangesByDate" fullname="StormBlocks.Tests.EditMode.CoreRulesTests.DailySeedIsStableForSameInputsAndChangesByDate" methodname="DailySeedIsStableForSameInputsAndChangesByDate" classname="StormBlocks.Tests.EditMode.CoreRulesTests" runstate="Runnable" seed="184049005" result="Passed" start-time="2026-05-05 05:30:28Z" end-time="2026-05-05 05:30:28Z" duration="0.002341" asserts="0">
                <properties>
                  <property name="retryIteration" value="0" />
                  <property name="repeatIteration" value="0" />
                </properties>
              </test-case>
              <test-case id="1006" name="MultiLineClearAppliesComboMultiplierWithoutDoubleCountingIntersection" fullname="StormBlocks.Tests.EditMode.CoreRulesTests.MultiLineClearAppliesComboMultiplierWithoutDoubleCountingIntersection" methodname="MultiLineClearAppliesComboMultiplierWithoutDoubleCountingIntersection" classname="StormBlocks.Tests.EditMode.CoreRulesTests" runstate="Runnable" seed="2054519304" result="Passed" start-time="2026-05-05 05:30:28Z" end-time="2026-05-05 05:30:28Z" duration="0.000124" asserts="0">
                <properties>
                  <property name="retryIteration" value="0" />
                  <property name="repeatIteration" value="0" />
                </properties>
              </test-case>
              <test-case id="1003" name="PlacementRejectsOutOfBoundsAndCollisions" fullname="StormBlocks.Tests.EditMode.CoreRulesTests.PlacementRejectsOutOfBoundsAndCollisions" methodname="PlacementRejectsOutOfBoundsAndCollisions" classname="StormBlocks.Tests.EditMode.CoreRulesTests" runstate="Runnable" seed="551146775" result="Passed" start-time="2026-05-05 05:30:28Z" end-time="2026-05-05 05:30:28Z" duration="0.001131" asserts="0">
                <properties>
                  <property name="retryIteration" value="0" />
                  <property name="repeatIteration" value="0" />
                </properties>
              </test-case>
              <test-case id="1004" name="RowClearRemovesFilledRowAndScoresCells" fullname="StormBlocks.Tests.EditMode.CoreRulesTests.RowClearRemovesFilledRowAndScoresCells" methodname="RowClearRemovesFilledRowAndScoresCells" classname="StormBlocks.Tests.EditMode.CoreRulesTests" runstate="Runnable" seed="1916315358" result="Passed" start-time="2026-05-05 05:30:28Z" end-time="2026-05-05 05:30:28Z" duration="0.000148" asserts="0">
                <properties>
                  <property name="retryIteration" value="0" />
                  <property name="repeatIteration" value="0" />
                </properties>
              </test-case>
              <test-case id="1014" name="RunEndsWhenNoQueuedPieceCanBePlaced" fullname="StormBlocks.Tests.EditMode.CoreRulesTests.RunEndsWhenNoQueuedPieceCanBePlaced" methodname="RunEndsWhenNoQueuedPieceCanBePlaced" classname="StormBlocks.Tests.EditMode.CoreRulesTests" runstate="Runnable" seed="2074121042" result="Passed" start-time="2026-05-05 05:30:28Z" end-time="2026-05-05 05:30:28Z" duration="0.001358" asserts="0">
                <properties>
                  <property name="retryIteration" value="0" />
                  <property name="repeatIteration" value="0" />
                </properties>
              </test-case>
              <test-case id="1013" name="RunEndsWhenStormReachesCamp" fullname="StormBlocks.Tests.EditMode.CoreRulesTests.RunEndsWhenStormReachesCamp" methodname="RunEndsWhenStormReachesCamp" classname="StormBlocks.Tests.EditMode.CoreRulesTests" runstate="Runnable" seed="867252593" result="Passed" start-time="2026-05-05 05:30:28Z" end-time="2026-05-05 05:30:28Z" duration="0.000116" asserts="0">
                <properties>
                  <property name="retryIteration" value="0" />
                  <property name="repeatIteration" value="0" />
                </properties>
              </test-case>
              <test-case id="1011" name="RunEngineProducesSameQueueAndStormForSameSeed" fullname="StormBlocks.Tests.EditMode.CoreRulesTests.RunEngineProducesSameQueueAndStormForSameSeed" methodname="RunEngineProducesSameQueueAndStormForSameSeed" classname="StormBlocks.Tests.EditMode.CoreRulesTests" runstate="Runnable" seed="1209461243" result="Passed" start-time="2026-05-05 05:30:28Z" end-time="2026-05-05 05:30:28Z" duration="0.000474" asserts="0">
                <properties>
                  <property name="retryIteration" value="0" />
                  <property name="repeatIteration" value="0" />
                </properties>
              </test-case>
              <test-case id="1015" name="SaveSnapshotRoundTripsRunSummaryAndBoard" fullname="StormBlocks.Tests.EditMode.CoreRulesTests.SaveSnapshotRoundTripsRunSummaryAndBoard" methodname="SaveSnapshotRoundTripsRunSummaryAndBoard" classname="StormBlocks.Tests.EditMode.CoreRulesTests" runstate="Runnable" seed="1399265578" result="Passed" start-time="2026-05-05 05:30:28Z" end-time="2026-05-05 05:30:28Z" duration="0.001664" asserts="0">
                <properties>
                  <property name="retryIteration" value="0" />
                  <property name="repeatIteration" value="0" />
                </properties>
              </test-case>
              <test-case id="1007" name="StormPushbackIsAutomaticWhenClearIntersectsStorm" fullname="StormBlocks.Tests.EditMode.CoreRulesTests.StormPushbackIsAutomaticWhenClearIntersectsStorm" methodname="StormPushbackIsAutomaticWhenClearIntersectsStorm" classname="StormBlocks.Tests.EditMode.CoreRulesTests" runstate="Runnable" seed="1358135749" result="Passed" start-time="2026-05-05 05:30:28Z" end-time="2026-05-05 05:30:28Z" duration="0.000112" asserts="0">
                <properties>
                  <property name="retryIteration" value="0" />
                  <property name="repeatIteration" value="0" />
                </properties>
              </test-case>
              <test-case id="1009" name="StormWarningsAndSpreadAreDeterministic" fullname="StormBlocks.Tests.EditMode.CoreRulesTests.StormWarningsAndSpreadAreDeterministic" methodname="StormWarningsAndSpreadAreDeterministic" classname="StormBlocks.Tests.EditMode.CoreRulesTests" runstate="Runnable" seed="61640844" result="Passed" start-time="2026-05-05 05:30:28Z" end-time="2026-05-05 05:30:28Z" duration="0.000989" asserts="0">
                <properties>
                  <property name="retryIteration" value="0" />
                  <property name="repeatIteration" value="0" />
                </properties>
              </test-case>
              <test-case id="1012" name="ValidMoveDetectionFindsNoMoveOnFullBoard" fullname="StormBlocks.Tests.EditMode.CoreRulesTests.ValidMoveDetectionFindsNoMoveOnFullBoard" methodname="ValidMoveDetectionFindsNoMoveOnFullBoard" classname="StormBlocks.Tests.EditMode.CoreRulesTests" runstate="Runnable" seed="802575246" result="Passed" start-time="2026-05-05 05:30:28Z" end-time="2026-05-05 05:30:28Z" duration="0.000177" asserts="0">
                <properties>
                  <property name="retryIteration" value="0" />
                  <property name="repeatIteration" value="0" />
                </properties>
              </test-case>
            </test-suite>
            <test-suite type="TestFixture" id="1016" name="ModeProgressionTests" fullname="StormBlocks.Tests.EditMode.ModeProgressionTests" classname="StormBlocks.Tests.EditMode.ModeProgressionTests" runstate="Runnable" testcasecount="9" result="Passed" start-time="2026-05-05 05:30:28Z" end-time="2026-05-05 05:30:28Z" duration="0.016862" total="9" passed="9" failed="0" inconclusive="0" skipped="0" asserts="0">
              <properties />
              <test-case id="1021" name="CosmeticsAreProgressionOnlyAndEquipRequiresUnlock" fullname="StormBlocks.Tests.EditMode.ModeProgressionTests.CosmeticsAreProgressionOnlyAndEquipRequiresUnlock" methodname="CosmeticsAreProgressionOnlyAndEquipRequiresUnlock" classname="StormBlocks.Tests.EditMode.ModeProgressionTests" runstate="Runnable" seed="1681227554" result="Passed" start-time="2026-05-05 05:30:28Z" end-time="2026-05-05 05:30:28Z" duration="0.002706" asserts="0">
                <properties>
                  <property name="retryIteration" value="0" />
                  <property name="repeatIteration" value="0" />
                </properties>
              </test-case>
              <test-case id="1017" name="DailyStormDefinitionIsDeterministicAndOfficialFlagControlsLeaderboardEligibility" fullname="StormBlocks.Tests.EditMode.ModeProgressionTests.DailyStormDefinitionIsDeterministicAndOfficialFlagControlsLeaderboardEligibility" methodname="DailyStormDefinitionIsDeterministicAndOfficialFlagControlsLeaderboardEligibility" classname="StormBlocks.Tests.EditMode.ModeProgressionTests" runstate="Runnable" seed="492492823" result="Passed" start-time="2026-05-05 05:30:28Z" end-time="2026-05-05 05:30:28Z" duration="0.000495" asserts="0">
                <properties>
                  <property name="retryIteration" value="0" />
                  <property name="repeatIteration" value="0" />
                </properties>
              </test-case>
              <test-case id="1025" name="FileSaveServiceRoundTripsProfileAndRunSnapshot" fullname="StormBlocks.Tests.EditMode.ModeProgressionTests.FileSaveServiceRoundTripsProfileAndRunSnapshot" methodname="FileSaveServiceRoundTripsProfileAndRunSnapshot" classname="StormBlocks.Tests.EditMode.ModeProgressionTests" runstate="Runnable" seed="1584389593" result="Passed" start-time="2026-05-05 05:30:28Z" end-time="2026-05-05 05:30:28Z" duration="0.006737" asserts="0">
                <properties>
                  <property name="retryIteration" value="0" />
                  <property name="repeatIteration" value="0" />
                </properties>
              </test-case>
              <test-case id="1024" name="ProfileCodecPersistsAccessibilitySettingsAndTempestHistory" fullname="StormBlocks.Tests.EditMode.ModeProgressionTests.ProfileCodecPersistsAccessibilitySettingsAndTempestHistory" methodname="ProfileCodecPersistsAccessibilitySettingsAndTempestHistory" classname="StormBlocks.Tests.EditMode.ModeProgressionTests" runstate="Runnable" seed="559241507" result="Passed" start-time="2026-05-05 05:30:28Z" end-time="2026-05-05 05:30:28Z" duration="0.000617" asserts="0">
                <properties>
                  <property name="retryIteration" value="0" />
                  <property name="repeatIteration" value="0" />
                </properties>
              </test-case>
              <test-case id="1020" name="ProfileProgressionKeepsOneOfficialDailyScoreAndUpdatesStreak" fullname="StormBlocks.Tests.EditMode.ModeProgressionTests.ProfileProgressionKeepsOneOfficialDailyScoreAndUpdatesStreak" methodname="ProfileProgressionKeepsOneOfficialDailyScoreAndUpdatesStreak" classname="StormBlocks.Tests.EditMode.ModeProgressionTests" runstate="Runnable" seed="273077692" result="Passed" start-time="2026-05-05 05:30:28Z" end-time="2026-05-05 05:30:28Z" duration="0.002237" asserts="0">
                <properties>
                  <property name="retryIteration" value="0" />
                  <property name="repeatIteration" value="0" />
                </properties>
              </test-case>
              <test-case id="1018" name="StormTrailCatalogContainsTwelveRegionsAndOneHundredTwentyLevels" fullname="StormBlocks.Tests.EditMode.ModeProgressionTests.StormTrailCatalogContainsTwelveRegionsAndOneHundredTwentyLevels" methodname="StormTrailCatalogContainsTwelveRegionsAndOneHundredTwentyLevels" classname="StormBlocks.Tests.EditMode.ModeProgressionTests" runstate="Runnable" seed="684995402" result="Passed" start-time="2026-05-05 05:30:28Z" end-time="2026-05-05 05:30:28Z" duration="0.000857" asserts="0">
                <properties>
                  <property name="retryIteration" value="0" />
                  <property name="repeatIteration" value="0" />
                </properties>
              </test-case>
              <test-case id="1022" name="StormTrailStarsUnlockRegionReward" fullname="StormBlocks.Tests.EditMode.ModeProgressionTests.StormTrailStarsUnlockRegionReward" methodname="StormTrailStarsUnlockRegionReward" classname="StormBlocks.Tests.EditMode.ModeProgressionTests" runstate="Runnable" seed="501541955" result="Passed" start-time="2026-05-05 05:30:28Z" end-time="2026-05-05 05:30:28Z" duration="0.000429" asserts="0">
                <properties>
                  <property name="retryIteration" value="0" />
                  <property name="repeatIteration" value="0" />
                </properties>
              </test-case>
              <test-case id="1023" name="TempestTrialsTrackFiveRunWeeklyTotalAndUnlockCosmeticBadge" fullname="StormBlocks.Tests.EditMode.ModeProgressionTests.TempestTrialsTrackFiveRunWeeklyTotalAndUnlockCosmeticBadge" methodname="TempestTrialsTrackFiveRunWeeklyTotalAndUnlockCosmeticBadge" classname="StormBlocks.Tests.EditMode.ModeProgressionTests" runstate="Runnable" seed="108103443" result="Passed" start-time="2026-05-05 05:30:28Z" end-time="2026-05-05 05:30:28Z" duration="0.000970" asserts="0">
                <properties>
                  <property name="retryIteration" value="0" />
                  <property name="repeatIteration" value="0" />
                </properties>
              </test-case>
              <test-case id="1019" name="TempestWeekBuildsFiveDeterministicChallengeRuns" fullname="StormBlocks.Tests.EditMode.ModeProgressionTests.TempestWeekBuildsFiveDeterministicChallengeRuns" methodname="TempestWeekBuildsFiveDeterministicChallengeRuns" classname="StormBlocks.Tests.EditMode.ModeProgressionTests" runstate="Runnable" seed="651140435" result="Passed" start-time="2026-05-05 05:30:28Z" end-time="2026-05-05 05:30:28Z" duration="0.000612" asserts="0">
                <properties>
                  <property name="retryIteration" value="0" />
                  <property name="repeatIteration" value="0" />
                </properties>
              </test-case>
            </test-suite>
            <test-suite type="TestFixture" id="1026" name="ServiceInterfaceTests" fullname="StormBlocks.Tests.EditMode.ServiceInterfaceTests" classname="StormBlocks.Tests.EditMode.ServiceInterfaceTests" runstate="Runnable" testcasecount="3" result="Passed" start-time="2026-05-05 05:30:28Z" end-time="2026-05-05 05:30:28Z" duration="0.001989" total="3" passed="3" failed="0" inconclusive="0" skipped="0" asserts="0">
              <properties />
              <test-case id="1029" name="MockServicesCoverCredentialDependentInterfaces" fullname="StormBlocks.Tests.EditMode.ServiceInterfaceTests.MockServicesCoverCredentialDependentInterfaces" methodname="MockServicesCoverCredentialDependentInterfaces" classname="StormBlocks.Tests.EditMode.ServiceInterfaceTests" runstate="Runnable" seed="714339355" result="Passed" start-time="2026-05-05 05:30:28Z" end-time="2026-05-05 05:30:28Z" duration="0.001334" asserts="0">
                <properties>
                  <property name="retryIteration" value="0" />
                  <property name="repeatIteration" value="0" />
                </properties>
              </test-case>
              <test-case id="1027" name="MockServicesKeepLocalPlayIndependentFromExternalCredentials" fullname="StormBlocks.Tests.EditMode.ServiceInterfaceTests.MockServicesKeepLocalPlayIndependentFromExternalCredentials" methodname="MockServicesKeepLocalPlayIndependentFromExternalCredentials" classname="StormBlocks.Tests.EditMode.ServiceInterfaceTests" runstate="Runnable" seed="1321847641" result="Passed" start-time="2026-05-05 05:30:28Z" end-time="2026-05-05 05:30:28Z" duration="0.000135" asserts="0">
                <properties>
                  <property name="retryIteration" value="0" />
                  <property name="repeatIteration" value="0" />
                </properties>
              </test-case>
              <test-case id="1028" name="MockServicesRoundTripRunSnapshot" fullname="StormBlocks.Tests.EditMode.ServiceInterfaceTests.MockServicesRoundTripRunSnapshot" methodname="MockServicesRoundTripRunSnapshot" classname="StormBlocks.Tests.EditMode.ServiceInterfaceTests" runstate="Runnable" seed="1194913273" result="Passed" start-time="2026-05-05 05:30:28Z" end-time="2026-05-05 05:30:28Z" duration="0.000117" asserts="0">
                <properties>
                  <property name="retryIteration" value="0" />
                  <property name="repeatIteration" value="0" />
                </properties>
                <output><![CDATA[Saving results to: /Users/perlantir/Library/Application Support/Perlantir/Storm Blocks/TestResults.xml
]]></output>
              </test-case>
            </test-suite>
          </test-suite>
        </test-suite>
      </test-suite>
    </test-suite>
  </test-suite>
</test-run>