<?xml version="1.0" encoding="utf-8"?>
<test-run id="2" testcasecount="7" result="Passed" total="7" passed="7" failed="0" inconclusive="0" skipped="0" asserts="0" engine-version="3.5.0.0" clr-version="4.0.30319.42000" start-time="2026-05-05 16:04:00Z" end-time="2026-05-05 16:04:01Z" duration="0.6375682">
  <test-suite type="TestSuite" id="1016" name="Storm Blocks" fullname="Storm Blocks" runstate="Runnable" testcasecount="7" result="Passed" start-time="2026-05-05 16:04:00Z" end-time="2026-05-05 16:04:01Z" duration="0.637568" total="7" passed="7" failed="0" inconclusive="0" skipped="0" asserts="0">
    <properties>
      <property name="platform" value="PlayMode" />
    </properties>
    <test-suite type="Assembly" id="1009" name="StormBlocks.PlayMode.Tests.dll" fullname="/Users/perlantir/Projects/StormBlocks/StormBlocksUnity/Library/ScriptAssemblies/StormBlocks.PlayMode.Tests.dll" runstate="Runnable" testcasecount="7" result="Passed" start-time="2026-05-05 16:04:00Z" end-time="2026-05-05 16:04:01Z" duration="0.633975" total="7" passed="7" failed="0" inconclusive="0" skipped="0" asserts="0">
      <properties>
        <property name="_PID" value="71734" />
        <property name="_APPDOMAIN" value="Unity Child Domain" />
        <property name="platform" value="PlayMode" />
        <property name="EditorOnly" value="False" />
      </properties>
      <test-suite type="TestSuite" id="1010" name="StormBlocks" fullname="StormBlocks" runstate="Runnable" testcasecount="7" result="Passed" start-time="2026-05-05 16:04:00Z" end-time="2026-05-05 16:04:01Z" duration="0.633815" total="7" passed="7" failed="0" inconclusive="0" skipped="0" asserts="0">
        <properties />
        <test-suite type="TestSuite" id="1011" name="Tests" fullname="StormBlocks.Tests" runstate="Runnable" testcasecount="7" result="Passed" start-time="2026-05-05 16:04:00Z" end-time="2026-05-05 16:04:01Z" duration="0.633743" total="7" passed="7" failed="0" inconclusive="0" skipped="0" asserts="0">
          <properties />
          <test-suite type="TestSuite" id="1012" name="PlayMode" fullname="StormBlocks.Tests.PlayMode" runstate="Runnable" testcasecount="7" result="Passed" start-time="2026-05-05 16:04:00Z" end-time="2026-05-05 16:04:01Z" duration="0.633666" total="7" passed="7" failed="0" inconclusive="0" skipped="0" asserts="0">
            <properties />
            <test-suite type="TestFixture" id="1001" name="BootstrapSceneSmokeTests" fullname="StormBlocks.Tests.PlayMode.BootstrapSceneSmokeTests" classname="StormBlocks.Tests.PlayMode.BootstrapSceneSmokeTests" runstate="Runnable" testcasecount="7" result="Passed" start-time="2026-05-05 16:04:00Z" end-time="2026-05-05 16:04:01Z" duration="0.633203" total="7" passed="7" failed="0" inconclusive="0" skipped="0" asserts="0">
              <properties />
              <test-case id="1007" name="ActiveTouchControlsStayInsideSafeAreaWithReleaseSizedTargets" fullname="StormBlocks.Tests.PlayMode.BootstrapSceneSmokeTests.ActiveTouchControlsStayInsideSafeAreaWithReleaseSizedTargets" methodname="ActiveTouchControlsStayInsideSafeAreaWithReleaseSizedTargets" classname="StormBlocks.Tests.PlayMode.BootstrapSceneSmokeTests" runstate="Runnable" seed="524764529" result="Passed" start-time="2026-05-05 16:04:00Z" end-time="2026-05-05 16:04:01Z" duration="0.214838" asserts="0">
                <properties>
                  <property name="_JOINTYPE" value="UnityCombinatorial" />
                  <property name="retryIteration" value="0" />
                  <property name="repeatIteration" value="0" />
                </properties>
              </test-case>
              <test-case id="1002" name="BootstrapViewBuildsBoardCameraAndHud" fullname="StormBlocks.Tests.PlayMode.BootstrapSceneSmokeTests.BootstrapViewBuildsBoardCameraAndHud" methodname="BootstrapViewBuildsBoardCameraAndHud" classname="StormBlocks.Tests.PlayMode.BootstrapSceneSmokeTests" runstate="Runnable" seed="1587573236" result="Passed" start-time="2026-05-05 16:04:01Z" end-time="2026-05-05 16:04:01Z" duration="0.013622" asserts="0">
                <properties>
                  <property name="_JOINTYPE" value="UnityCombinatorial" />
                  <property name="retryIteration" value="0" />
                  <property name="repeatIteration" value="0" />
                </properties>
              </test-case>
              <test-case id="1006" name="NormalFlowDoesNotEmitGameErrors" fullname="StormBlocks.Tests.PlayMode.BootstrapSceneSmokeTests.NormalFlowDoesNotEmitGameErrors" methodname="NormalFlowDoesNotEmitGameErrors" classname="StormBlocks.Tests.PlayMode.BootstrapSceneSmokeTests" runstate="Runnable" seed="1236042873" result="Passed" start-time="2026-05-05 16:04:01Z" end-time="2026-05-05 16:04:01Z" duration="0.100456" asserts="0">
                <properties>
                  <property name="_JOINTYPE" value="UnityCombinatorial" />
                  <property name="retryIteration" value="0" />
                  <property name="repeatIteration" value="0" />
                </properties>
              </test-case>
              <test-case id="1004" name="PlayableViewExposesLaunchScreensProgressionAndSettings" fullname="StormBlocks.Tests.PlayMode.BootstrapSceneSmokeTests.PlayableViewExposesLaunchScreensProgressionAndSettings" methodname="PlayableViewExposesLaunchScreensProgressionAndSettings" classname="StormBlocks.Tests.PlayMode.BootstrapSceneSmokeTests" runstate="Runnable" seed="1425649834" result="Passed" start-time="2026-05-05 16:04:01Z" end-time="2026-05-05 16:04:01Z" duration="0.107877" asserts="0">
                <properties>
                  <property name="_JOINTYPE" value="UnityCombinatorial" />
                  <property name="retryIteration" value="0" />
                  <property name="repeatIteration" value="0" />
                </properties>
              </test-case>
              <test-case id="1005" name="PlayableViewShowsResultsAndRetriesAfterGameOver" fullname="StormBlocks.Tests.PlayMode.BootstrapSceneSmokeTests.PlayableViewShowsResultsAndRetriesAfterGameOver" methodname="PlayableViewShowsResultsAndRetriesAfterGameOver" classname="StormBlocks.Tests.PlayMode.BootstrapSceneSmokeTests" runstate="Runnable" seed="238872672" result="Passed" start-time="2026-05-05 16:04:01Z" end-time="2026-05-05 16:04:01Z" duration="0.071669" asserts="0">
                <properties>
                  <property name="_JOINTYPE" value="UnityCombinatorial" />
                  <property name="retryIteration" value="0" />
                  <property name="repeatIteration" value="0" />
                </properties>
              </test-case>
              <test-case id="1003" name="PlayableViewStartsRunAndAcceptsPlacement" fullname="StormBlocks.Tests.PlayMode.BootstrapSceneSmokeTests.PlayableViewStartsRunAndAcceptsPlacement" methodname="PlayableViewStartsRunAndAcceptsPlacement" classname="StormBlocks.Tests.PlayMode.BootstrapSceneSmokeTests" runstate="Runnable" seed="735005382" result="Passed" start-time="2026-05-05 16:04:01Z" end-time="2026-05-05 16:04:01Z" duration="0.061718" asserts="0">
                <properties>
                  <property name="_JOINTYPE" value="UnityCombinatorial" />
                  <property name="retryIteration" value="0" />
                  <property name="repeatIteration" value="0" />
                </properties>
              </test-case>
              <test-case id="1008" name="PlayableViewStaysWithinMobileSceneBudgets" fullname="StormBlocks.Tests.PlayMode.BootstrapSceneSmokeTests.PlayableViewStaysWithinMobileSceneBudgets" methodname="PlayableViewStaysWithinMobileSceneBudgets" classname="StormBlocks.Tests.PlayMode.BootstrapSceneSmokeTests" runstate="Runnable" seed="1269645747" result="Passed" start-time="2026-05-05 16:04:01Z" end-time="2026-05-05 16:04:01Z" duration="0.057902" asserts="0">
                <properties>
                  <property name="_JOINTYPE" value="UnityCombinatorial" />
                  <property name="retryIteration" value="0" />
                  <property name="repeatIteration" value="0" />
                </properties>
                <output><![CDATA[Storm Blocks mobile budget renderers=432 triangles=156984 audioListeners=1 canvases=1
Saving results to: /Users/perlantir/Library/Application Support/Perlantir/Storm Blocks/TestResults.xml
]]></output>
              </test-case>
            </test-suite>
          </test-suite>
        </test-suite>
      </test-suite>
    </test-suite>
  </test-suite>
</test-run>